<?xml version="1.0" encoding="UTF-8"?>
<testng-results skipped="0" failed="0" ignored="0" total="2" passed="2">
  <reporter-output>
  </reporter-output>
  <suite name="com.norbert.maven.myMavenProject.AppTest" duration-ms="13213" started-at="2017-07-18T17:14:25Z" finished-at="2017-07-18T17:14:38Z">
    <groups>
    </groups>
    <test name="Command line test" duration-ms="13213" started-at="2017-07-18T17:14:25Z" finished-at="2017-07-18T17:14:38Z">
      <class name="com.norbert.maven.myMavenProject.AppTest">
        <test-method status="PASS" signature="setBrowser(java.lang.String)[pri:0, instance:com.norbert.maven.myMavenProject.AppTest@3567135c]" name="setBrowser" duration-ms="2530" started-at="2017-07-18T19:14:25Z" finished-at="2017-07-18T19:14:28Z">
          <params>
            <param index="0">
              <value>
                <![CDATA[chrome]]>
              </value>
            </param>
          </params>
          <reporter-output>
          </reporter-output>
        </test-method> <!-- setBrowser -->
        <test-method status="PASS" signature="testApp()[pri:0, instance:com.norbert.maven.myMavenProject.AppTest@3567135c]" name="testApp" duration-ms="10555" started-at="2017-07-18T19:14:28Z" finished-at="2017-07-18T19:14:38Z">
          <reporter-output>
          </reporter-output>
        </test-method> <!-- testApp -->
        <test-method status="PASS" signature="tearDown()[pri:0, instance:com.norbert.maven.myMavenProject.AppTest@3567135c]" name="tearDown" is-config="true" duration-ms="109" started-at="2017-07-18T19:14:38Z" finished-at="2017-07-18T19:14:38Z">
          <reporter-output>
          </reporter-output>
        </test-method> <!-- tearDown -->
      </class> <!-- com.norbert.maven.myMavenProject.AppTest -->
    </test> <!-- Command line test -->
  </suite> <!-- com.norbert.maven.myMavenProject.AppTest -->
</testng-results>
